Saving configurations...
Loading audio data...
Starting training...EPOCHS=1, BATCH_SIZE=80, BATCH_NUM=236
0m 0s Epoch: 1/1
Saving configurations...
Loading audio data...
Starting training...EPOCHS=1, BATCH_SIZE=80, BATCH_NUM=236
0m 0s Epoch: 1/1
4m 46s Epoch=1 Batch: 47/236 D_c:-9.2703 | D_w:11.1772 | G:-1.2021
Saving configurations...
Loading audio data...
Starting training...EPOCHS=1, BATCH_SIZE=80, BATCH_NUM=236
0m 0s Epoch: 1/1
Saving configurations...
Loading audio data...
Starting training...EPOCHS=1, BATCH_SIZE=80, BATCH_NUM=236
0m 0s Epoch: 1/1
5m 14s Epoch=1 Batch: 47/236 D_c:-8.3299 | D_w:10.6015 | G:-0.5635
Saving configurations...
Loading audio data...
Starting training...EPOCHS=1, BATCH_SIZE=80, BATCH_NUM=236
0m 0s Epoch: 1/1
4m 54s Epoch=1 Batch: 47/236 D_c:-7.6228 | D_w:8.7765 | G:-0.9773
9m 40s Epoch=1 Batch: 94/236 D_c:-7.7579 | D_w:8.8058 | G:-0.9574
14m 26s Epoch=1 Batch: 141/236 D_c:-7.6990 | D_w:10.1130 | G:-0.8370
19m 14s Epoch=1 Batch: 188/236 D_c:-7.3797 | D_w:8.9562 | G:-1.2309
